============================= test session starts ==============================
platform linux -- Python 3.12.5, pytest-8.4.1, pluggy-1.6.0 -- /home/jazzzfm/Documents/Courses/curso-mcp/clase9/.venv/bin/python
cachedir: .pytest_cache
rootdir: /home/jazzzfm/Documents/JazzDataSolutions/SaptivaTekChallenge
configfile: pyproject.toml
plugins: cov-6.2.1, anyio-4.10.0
collecting ... collected 30 items

tests/test_similarity_validation.py::TestSimilarityValidation::test_vector_similarity_order_faiss PASSED [  3%]
tests/test_similarity_validation.py::TestSimilarityValidation::test_vector_similarity_order_chroma PASSED [  6%]
tests/test_similarity_validation.py::TestSimilarityValidation::test_real_text_similarity_with_embedder PASSED [ 10%]
tests/test_similarity_validation.py::TestSimilarityValidation::test_embedding_normalization_validation PASSED [ 13%]
tests/test_similarity_validation.py::TestSimilarityValidation::test_deterministic_llm_responses PASSED [ 16%]
tests/test_similarity_validation.py::TestSimilarityValidation::test_cosine_similarity_calculation PASSED [ 20%]
tests/test_similarity_validation.py::TestSimilarityValidation::test_similarity_transitivity PASSED [ 23%]
tests/test_chroma_integration.py::TestChromaIntegration::test_chroma_basic_operations PASSED [ 26%]
tests/test_chroma_integration.py::TestChromaIntegration::test_chroma_persistence PASSED [ 30%]
tests/test_chroma_integration.py::TestChromaIntegration::test_chroma_large_dataset PASSED [ 33%]
tests/test_chroma_integration.py::TestChromaIntegration::test_chroma_with_real_embeddings PASSED [ 36%]
tests/test_chroma_integration.py::TestChromaIntegration::test_chroma_empty_index_search PASSED [ 40%]
tests/test_chroma_integration.py::TestChromaIntegration::test_chroma_integration_with_use_cases PASSED [ 43%]
tests/test_chroma_integration.py::TestChromaIntegration::test_chroma_concurrent_access PASSED [ 46%]
tests/test_chroma_integration.py::TestChromaIntegration::test_chroma_metadata_support PASSED [ 50%]
tests/test_chroma_integration.py::TestChromaIntegration::test_chroma_error_handling FAILED [ 53%]
tests/test_chroma_integration.py::TestChromaIntegration::test_chroma_vector_validation PASSED [ 56%]
tests/test_chroma_integration.py::TestChromaIntegration::test_chroma_performance_characteristics PASSED [ 60%]
tests/test_seed_integration.py::TestSeedIntegration::test_seed_data_reproducible PASSED [ 63%]
tests/test_seed_integration.py::TestSeedIntegration::test_seed_data_idempotent PASSED [ 66%]
tests/test_seed_integration.py::TestSeedIntegration::test_seed_verification_passes PASSED [ 70%]
tests/test_seed_integration.py::TestSeedIntegration::test_seed_verification_fails_empty_db PASSED [ 73%]
tests/test_seed_integration.py::TestSeedIntegration::test_seed_data_with_chroma_backend PASSED [ 76%]
tests/test_seed_integration.py::TestSeedIntegration::test_migration_info PASSED [ 80%]
tests/test_seed_integration.py::TestSeedIntegration::test_seed_data_content_quality PASSED [ 83%]
tests/test_seed_integration.py::TestSeedIntegration::test_seed_vector_embeddings_quality PASSED [ 86%]
tests/test_seed_integration.py::TestSeedIntegration::test_seed_semantic_relationships PASSED [ 90%]
tests/test_seed_integration.py::TestSeedIntegration::test_seed_no_clear_existing PASSED [ 93%]
tests/test_seed_integration.py::TestSeedIntegration::test_seed_concurrent_safety PASSED [ 96%]
tests/test_seed_integration.py::TestSeedIntegration::test_seed_data_persistence PASSED [100%]

=================================== FAILURES ===================================
_______________ TestChromaIntegration.test_chroma_error_handling _______________
tests/test_chroma_integration.py:250: in test_chroma_error_handling
    with pytest.raises(Exception):
E   Failed: DID NOT RAISE <class 'Exception'>
=============================== warnings summary ===============================
<frozen importlib._bootstrap>:488
  <frozen importlib._bootstrap>:488: DeprecationWarning: builtin type SwigPyPacked has no __module__ attribute

<frozen importlib._bootstrap>:488
  <frozen importlib._bootstrap>:488: DeprecationWarning: builtin type SwigPyObject has no __module__ attribute

<frozen importlib._bootstrap>:488
  <frozen importlib._bootstrap>:488: DeprecationWarning: builtin type swigvarlink has no __module__ attribute

tests/test_similarity_validation.py::TestSimilarityValidation::test_real_text_similarity_with_embedder
  /home/jazzzfm/Documents/Courses/curso-mcp/clase9/.venv/lib/python3.12/site-packages/torch/cuda/__init__.py:182: UserWarning: CUDA initialization: The NVIDIA driver on your system is too old (found version 11040). Please update your GPU driver by downloading and installing a new version from the URL: http://www.nvidia.com/Download/index.aspx Alternatively, go to: https://pytorch.org to install a PyTorch version that has been compiled with your version of the CUDA driver. (Triggered internally at /pytorch/c10/cuda/CUDAFunctions.cpp:109.)
    return torch._C._cuda_getDeviceCount() > 0

-- Docs: https://docs.pytest.org/en/stable/how-to/capture-warnings.html
============================= slowest 10 durations =============================
4.20s call     tests/test_chroma_integration.py::TestChromaIntegration::test_chroma_large_dataset
2.09s call     tests/test_chroma_integration.py::TestChromaIntegration::test_chroma_performance_characteristics
1.51s call     tests/test_similarity_validation.py::TestSimilarityValidation::test_real_text_similarity_with_embedder
1.30s call     tests/test_chroma_integration.py::TestChromaIntegration::test_chroma_concurrent_access
0.89s call     tests/test_seed_integration.py::TestSeedIntegration::test_seed_data_with_chroma_backend
0.75s call     tests/test_seed_integration.py::TestSeedIntegration::test_seed_semantic_relationships
0.62s call     tests/test_seed_integration.py::TestSeedIntegration::test_seed_concurrent_safety
0.62s call     tests/test_seed_integration.py::TestSeedIntegration::test_seed_data_idempotent
0.58s call     tests/test_seed_integration.py::TestSeedIntegration::test_seed_data_reproducible
0.45s call     tests/test_seed_integration.py::TestSeedIntegration::test_seed_vector_embeddings_quality
=========================== short test summary info ============================
FAILED tests/test_chroma_integration.py::TestChromaIntegration::test_chroma_error_handling
================== 1 failed, 29 passed, 4 warnings in 19.58s ===================
